ISim log file
Running: X:\EC311labs\KitchenTimer\fsm_test_isim_beh.exe -intstyle ise -gui -tclbatch isim.cmd -wdb X:/EC311labs/KitchenTimer/fsm_test_isim_beh.wdb 
ISim P.28xd (signature 0xa0883be4)
This is a Full version of ISim.
Time resolution is 1 ps
# onerror resume
# wave add /
# run 1000 ns
Simulator is doing circuit initialization process.
Finished circuit initialization process.
ISim P.28xd (signature 0xa0883be4)
This is a Full version of ISim.
# run 1000 ns
Simulator is doing circuit initialization process.
Finished circuit initialization process.
ISim P.28xd (signature 0xa0883be4)
This is a Full version of ISim.
# run 1000 ns
Simulator is doing circuit initialization process.
Finished circuit initialization process.
ISim P.28xd (signature 0xa0883be4)
This is a Full version of ISim.
# run 1000 ns
Simulator is doing circuit initialization process.
Finished circuit initialization process.
ISim P.28xd (signature 0xa0883be4)
This is a Full version of ISim.
# run 1000 ns
Simulator is doing circuit initialization process.
Finished circuit initialization process.
ISim P.28xd (signature 0xa0883be4)
This is a Full version of ISim.
# run 1000 ns
Simulator is doing circuit initialization process.
Finished circuit initialization process.
Error in case statement.
Error in case statement.
Error in case statement.
Error in case statement.
Error in case statement.
Error in case statement.
Error in case statement.
Error in case statement.
Error in case statement.
Error in case statement.
Error in case statement.
Error in case statement.
Error in case statement.
Error in case statement.
Error in case statement.
Error in case statement.
Error in case statement.
Error in case statement.
Error in case statement.
Error in case statement.
Error in case statement.
Error in case statement.
Error in case statement.
Error in case statement.
Error in case statement.
Error in case statement.
Error in case statement.
Error in case statement.
Error in case statement.
Error in case statement.
Error in case statement.
Error in case statement.
Error in case statement.
Error in case statement.
Error in case statement.
Error in case statement.
Error in case statement.
Error in case statement.
Error in case statement.
Error in case statement.
Error in case statement.
Error in case statement.
Error in case statement.
Error in case statement.
Error in case statement.
Error in case statement.
Error in case statement.
Error in case statement.
Error in case statement.
Error in case statement.
Error in case statement.
Error in case statement.
Error in case statement.
Error in case statement.
Error in case statement.
Error in case statement.
Error in case statement.
Error in case statement.
Error in case statement.
Error in case statement.
Error in case statement.
Error in case statement.
Error in case statement.
Error in case statement.
Error in case statement.
Error in case statement.
Error in case statement.
Error in case statement.
Error in case statement.
Error in case statement.
Error in case statement.
Error in case statement.
Error in case statement.
Error in case statement.
Error in case statement.
Error in case statement.
Error in case statement.
Error in case statement.
Error in case statement.
Error in case statement.
Error in case statement.
Error in case statement.
Error in case statement.
Error in case statement.
Error in case statement.
Error in case statement.
Error in case statement.
Error in case statement.
Error in case statement.
Error in case statement.
Error in case statement.
Error in case statement.
Error in case statement.
Error in case statement.
Error in case statement.
Error in case statement.
Error in case statement.
Error in case statement.
Error in case statement.
Error in case statement.
ISim P.28xd (signature 0xa0883be4)
This is a Full version of ISim.
# run 1000 ns
Simulator is doing circuit initialization process.
Finished circuit initialization process.
Error in case statement.
Error in case statement.
Error in case statement.
Error in case statement.
Error in case statement.
Error in case statement.
Error in case statement.
Error in case statement.
Error in case statement.
Error in case statement.
Error in case statement.
Error in case statement.
Error in case statement.
Error in case statement.
Error in case statement.
Error in case statement.
Error in case statement.
Error in case statement.
Error in case statement.
Error in case statement.
Error in case statement.
Error in case statement.
Error in case statement.
Error in case statement.
Error in case statement.
Error in case statement.
Error in case statement.
Error in case statement.
Error in case statement.
Error in case statement.
Error in case statement.
Error in case statement.
Error in case statement.
Error in case statement.
Error in case statement.
Error in case statement.
Error in case statement.
Error in case statement.
Error in case statement.
Error in case statement.
Error in case statement.
Error in case statement.
Error in case statement.
Error in case statement.
Error in case statement.
Error in case statement.
Error in case statement.
Error in case statement.
Error in case statement.
Error in case statement.
Error in case statement.
Error in case statement.
Error in case statement.
Error in case statement.
Error in case statement.
Error in case statement.
Error in case statement.
Error in case statement.
Error in case statement.
Error in case statement.
Error in case statement.
Error in case statement.
Error in case statement.
Error in case statement.
Error in case statement.
Error in case statement.
Error in case statement.
Error in case statement.
Error in case statement.
Error in case statement.
Error in case statement.
Error in case statement.
Error in case statement.
Error in case statement.
Error in case statement.
Error in case statement.
Error in case statement.
Error in case statement.
Error in case statement.
Error in case statement.
Error in case statement.
Error in case statement.
Error in case statement.
Error in case statement.
Error in case statement.
Error in case statement.
Error in case statement.
Error in case statement.
Error in case statement.
Error in case statement.
Error in case statement.
Error in case statement.
Error in case statement.
Error in case statement.
Error in case statement.
Error in case statement.
Error in case statement.
Error in case statement.
Error in case statement.
Error in case statement.
ISim P.28xd (signature 0xa0883be4)
This is a Full version of ISim.
# run 1000 ns
Simulator is doing circuit initialization process.
Finished circuit initialization process.
Error in case statement.
Error in case statement.
Error in case statement.
Error in case statement.
Error in case statement.
Error in case statement.
Error in case statement.
Error in case statement.
Error in case statement.
Error in case statement.
Error in case statement.
Error in case statement.
Error in case statement.
Error in case statement.
Error in case statement.
Error in case statement.
Error in case statement.
Error in case statement.
Error in case statement.
Error in case statement.
Error in case statement.
Error in case statement.
Error in case statement.
Error in case statement.
Error in case statement.
Error in case statement.
Error in case statement.
Error in case statement.
Error in case statement.
Error in case statement.
Error in case statement.
Error in case statement.
Error in case statement.
Error in case statement.
Error in case statement.
Error in case statement.
Error in case statement.
Error in case statement.
Error in case statement.
Error in case statement.
Error in case statement.
Error in case statement.
Error in case statement.
Error in case statement.
Error in case statement.
Error in case statement.
Error in case statement.
Error in case statement.
Error in case statement.
Error in case statement.
Error in case statement.
Error in case statement.
Error in case statement.
Error in case statement.
Error in case statement.
Error in case statement.
Error in case statement.
Error in case statement.
Error in case statement.
Error in case statement.
Error in case statement.
Error in case statement.
Error in case statement.
Error in case statement.
Error in case statement.
Error in case statement.
Error in case statement.
Error in case statement.
Error in case statement.
Error in case statement.
Error in case statement.
Error in case statement.
Error in case statement.
Error in case statement.
Error in case statement.
Error in case statement.
Error in case statement.
Error in case statement.
Error in case statement.
Error in case statement.
Error in case statement.
Error in case statement.
Error in case statement.
Error in case statement.
Error in case statement.
Error in case statement.
Error in case statement.
Error in case statement.
Error in case statement.
Error in case statement.
Error in case statement.
Error in case statement.
Error in case statement.
Error in case statement.
Error in case statement.
Error in case statement.
Error in case statement.
Error in case statement.
Error in case statement.
Error in case statement.
ISim P.28xd (signature 0xa0883be4)
This is a Full version of ISim.
# run 1000 ns
Simulator is doing circuit initialization process.
Finished circuit initialization process.
Error in case statement.
Error in case statement.
Error in case statement.
Error in case statement.
Error in case statement.
Error in case statement.
Error in case statement.
Error in case statement.
Error in case statement.
Error in case statement.
Error in case statement.
Error in case statement.
Error in case statement.
Error in case statement.
Error in case statement.
Error in case statement.
Error in case statement.
Error in case statement.
Error in case statement.
Error in case statement.
Error in case statement.
Error in case statement.
Error in case statement.
Error in case statement.
Error in case statement.
Error in case statement.
Error in case statement.
Error in case statement.
Error in case statement.
Error in case statement.
Error in case statement.
Error in case statement.
Error in case statement.
Error in case statement.
Error in case statement.
Error in case statement.
Error in case statement.
Error in case statement.
Error in case statement.
Error in case statement.
Error in case statement.
Error in case statement.
Error in case statement.
Error in case statement.
Error in case statement.
Error in case statement.
Error in case statement.
Error in case statement.
Error in case statement.
Error in case statement.
Error in case statement.
Error in case statement.
Error in case statement.
Error in case statement.
Error in case statement.
Error in case statement.
Error in case statement.
Error in case statement.
Error in case statement.
Error in case statement.
Error in case statement.
Error in case statement.
Error in case statement.
Error in case statement.
Error in case statement.
Error in case statement.
Error in case statement.
Error in case statement.
Error in case statement.
Error in case statement.
Error in case statement.
Error in case statement.
Error in case statement.
Error in case statement.
Error in case statement.
Error in case statement.
Error in case statement.
Error in case statement.
Error in case statement.
Error in case statement.
Error in case statement.
Error in case statement.
Error in case statement.
Error in case statement.
Error in case statement.
Error in case statement.
Error in case statement.
Error in case statement.
Error in case statement.
Error in case statement.
Error in case statement.
Error in case statement.
Error in case statement.
Error in case statement.
Error in case statement.
Error in case statement.
Error in case statement.
Error in case statement.
Error in case statement.
Error in case statement.
ISim P.28xd (signature 0xa0883be4)
This is a Full version of ISim.
# run 1000 ns
Simulator is doing circuit initialization process.
Finished circuit initialization process.
Error in case statement.
