#-----------------------------------------------------------
# PlanAhead v14.2 (64-bit)
# Build 194362 by xbuild on Fri Jul 20 18:52:11 MDT 2012
# Start of session at: Sat Apr 23 21:53:29 2016
# Process ID: 242732
# Log file: X:/EC311labs/KitchenTimer/planAhead_run_1/planAhead.log
# Journal file: X:/EC311labs/KitchenTimer/planAhead_run_1/planAhead.jou
#-----------------------------------------------------------
INFO: [Common 17-78] Attempting to get a license: PlanAhead
INFO: [Common 17-290] Got license for PlanAhead
INFO: [Device 21-36] Loading parts and site information from C:/Xilinx/14.2/ISE_DS/PlanAhead/data/parts/arch.xml
Parsing RTL primitives file [C:/Xilinx/14.2/ISE_DS/PlanAhead/data/parts/xilinx/rtl/prims/rtl_prims.xml]
Finished parsing RTL primitives file [C:/Xilinx/14.2/ISE_DS/PlanAhead/data/parts/xilinx/rtl/prims/rtl_prims.xml]
start_gui
source X:/EC311labs/KitchenTimer/pa.fromHdl.tcl
# create_project -name KitchenTimer -dir "X:/EC311labs/KitchenTimer/planAhead_run_1" -part xc6slx16csg324-3
Parsing template File [C:/Xilinx/14.2/ISE_DS/ISE/data/projnav/templates/verilog.xml].
Finished parsing template File [C:/Xilinx/14.2/ISE_DS/ISE/data/projnav/templates/verilog.xml].
Parsing template File [C:/Xilinx/14.2/ISE_DS/ISE/data/projnav/templates/vhdl.xml].
Finished parsing template File [C:/Xilinx/14.2/ISE_DS/ISE/data/projnav/templates/vhdl.xml].
Parsing template File [C:/Xilinx/14.2/ISE_DS/ISE/data/projnav/templates/ucf.xml].
Finished parsing template File [C:/Xilinx/14.2/ISE_DS/ISE/data/projnav/templates/ucf.xml].
# set_param project.pinAheadLayout yes
# set srcset [get_property srcset [current_run -impl]]
# set_property target_constrs_file "Ramen.ucf" [current_fileset -constrset]
Adding file 'X:/EC311labs/KitchenTimer/Ramen.ucf' to fileset 'constrs_1'
# set hdlfile [add_files [list {clock_divider.v}]]
# set_property file_type Verilog $hdlfile
# set_property library work $hdlfile
# set hdlfile [add_files [list {Seven.v}]]
# set_property file_type Verilog $hdlfile
# set_property library work $hdlfile
# set hdlfile [add_files [list {FSM.v}]]
# set_property file_type Verilog $hdlfile
# set_property library work $hdlfile
# set hdlfile [add_files [list {Debouncer.v}]]
# set_property file_type Verilog $hdlfile
# set_property library work $hdlfile
# set hdlfile [add_files [list {Ramen.v}]]
# set_property file_type Verilog $hdlfile
# set_property library work $hdlfile
# set_property top Ramen $srcset
# add_files [list {Ramen.ucf}] -fileset [get_property constrset [current_run]]
# open_rtl_design -part xc6slx16csg324-3
Using Verific elaboration
Parsing VHDL file "C:/Xilinx/14.2/ISE_DS/PlanAhead/data/parts/xilinx/rtl/lib/synplify/synattr.vhd" into library synplify
Analyzing Verilog file "X:/EC311labs/KitchenTimer/clock_divider.v" into library work
Analyzing Verilog file "X:/EC311labs/KitchenTimer/Seven.v" into library work
Analyzing Verilog file "X:/EC311labs/KitchenTimer/FSM.v" into library work
Analyzing Verilog file "X:/EC311labs/KitchenTimer/Debouncer.v" into library work
Analyzing Verilog file "X:/EC311labs/KitchenTimer/Ramen.v" into library work
CRITICAL WARNING: [EDIF 20-96] Could not resolve non-primitive black box cell 'binary_to_segment' defined in file 'Ramen.v' instantiated as 'b1'.
Loading clock regions from C:/Xilinx/14.2/ISE_DS/PlanAhead/data\parts/xilinx/spartan6/spartan6lx/xc6slx16/ClockRegion.xml
Loading clock buffers from C:/Xilinx/14.2/ISE_DS/PlanAhead/data\parts/xilinx/spartan6/spartan6lx/xc6slx16/ClockBuffers.xml
Loading package pin functions from C:/Xilinx/14.2/ISE_DS/PlanAhead/data\parts/xilinx/spartan6/PinFunctions.xml...
Loading package from C:/Xilinx/14.2/ISE_DS/PlanAhead/data\parts/xilinx/spartan6/spartan6lx/xc6slx16/csg324/Package.xml
Loading io standards from C:/Xilinx/14.2/ISE_DS/PlanAhead/data\./parts/xilinx/spartan6/IOStandards.xml
Loading device configuration modes from C:/Xilinx/14.2/ISE_DS/PlanAhead/data\parts/xilinx/spartan6/ConfigModes.xml
Loading list of drcs for the architecture : C:/Xilinx/14.2/ISE_DS/PlanAhead/data\./parts/xilinx/spartan6/drc.xml
Parsing UCF File [X:/EC311labs/KitchenTimer/Ramen.ucf]
Finished Parsing UCF File [X:/EC311labs/KitchenTimer/Ramen.ucf]
INFO: [Project 1-111] Unisim Transformation Summary:
No Unisim elements were transformed.

Phase 0 | Netlist Checksum: 98ad15bb
open_rtl_design: Time (s): elapsed = 00:00:06 . Memory (MB): peak = 576.043 ; gain = 166.840
set_property package_pin "" [get_ports [list  {AN[1]}]]
startgroup
set_property package_pin N16 [get_ports {AN[0]}]
endgroup
startgroup
set_property package_pin N15 [get_ports {AN[1]}]
endgroup
startgroup
set_property package_pin P18 [get_ports {AN[2]}]
endgroup
startgroup
set_property package_pin P17 [get_ports {AN[3]}]
endgroup
startgroup
set_property package_pin T17 [get_ports {cathode[0]}]
endgroup
startgroup
set_property package_pin T18 [get_ports {cathode[1]}]
endgroup
startgroup
set_property package_pin U17 [get_ports {cathode[2]}]
endgroup
startgroup
set_property package_pin U18 [get_ports {cathode[3]}]
endgroup
startgroup
set_property package_pin M14 [get_ports {cathode[4]}]
endgroup
startgroup
set_property package_pin N14 [get_ports {cathode[5]}]
endgroup
startgroup
set_property package_pin L14 [get_ports {cathode[6]}]
endgroup
startgroup
set_property package_pin U16 [get_ports {in[0]}]
endgroup
startgroup
set_property package_pin V16 [get_ports {in[1]}]
endgroup
startgroup
set_property package_pin U15 [get_ports {in[2]}]
endgroup
startgroup
set_property package_pin V15 [get_ports {in[3]}]
endgroup
startgroup
set_property package_pin M11 [get_ports {in[4]}]
endgroup
startgroup
set_property package_pin N11 [get_ports {in[5]}]
endgroup
startgroup
set_property package_pin D9 [get_ports {in[6]}]
endgroup
startgroup
set_property package_pin C4 [get_ports {in[7]}]
endgroup
startgroup
set_property package_pin R11 [get_ports {in[8]}]
endgroup
startgroup
set_property package_pin T11 [get_ports {in[9]}]
endgroup
startgroup
set_property package_pin C9 [get_ports {in[10]}]
endgroup
startgroup
set_property package_pin A8 [get_ports {in[11]}]
endgroup
startgroup
set_property package_pin B8 [get_ports {in[12]}]
endgroup
startgroup
set_property package_pin V10 [get_ports clk]
endgroup
startgroup
set_property package_pin T10 [get_ports {in[0]}]
endgroup
startgroup
set_property package_pin T9 [get_ports {in[1]}]
endgroup
startgroup
set_property package_pin V9 [get_ports {in[2]}]
endgroup
startgroup
set_property package_pin M8 [get_ports {in[3]}]
endgroup
startgroup
set_property package_pin N8 [get_ports {in[4]}]
endgroup
startgroup
set_property package_pin U8 [get_ports {in[5]}]
endgroup
startgroup
set_property package_pin V8 [get_ports {in[8]}]
endgroup
startgroup
set_property package_pin T5 [get_ports {in[9]}]
endgroup
startgroup
set_property package_pin U16 [get_ports timeUp]
endgroup
save_design
exit
INFO: [Common 17-206] Exiting PlanAhead...
INFO: [Common 17-83] Releasing license: PlanAhead
